<?xml version="1.0" encoding="UTF-8"?>
<!-- Generated by org.testng.reporters.JUnitXMLReporter -->
<testsuite ignored="1" hostname="EVC156-2" failures="0" tests="10" name="Default test" time="0.076" errors="0" timestamp="2022-05-03T12:07:33 IST">
  <testcase classname="testNGCrossbrowser.TestGroup2" name="testCaseFive" time="0.007"/>
  <testcase classname="testNGCrossbrowser.TestGroup2" name="testCaseFour" time="0.001"/>
  <testcase classname="testNGCrossbrowser.TestGroup2" name="testCaseOne" time="0.001"/>
  <testcase classname="testNGCrossbrowser.TestGroup2" name="testCaseOne" time="0.002"/>
  <testcase classname="testNGCrossbrowser.TestGroup2" name="testCaseOne" time="0.002"/>
  <testcase classname="testNGCrossbrowser.TestGroup2" name="testCaseSeven" time="0.002"/>
  <testcase classname="testNGCrossbrowser.TestGroup2" name="testCaseThree" time="0.002"/>
  <testcase classname="testNGCrossbrowser.TestGroup2" name="testCaseThree" time="0.002"/>
  <testcase classname="testNGCrossbrowser.TestGroup2" name="testCaseThree" time="0.002"/>
  <testcase classname="testNGCrossbrowser.TestGroup2" name="testCaseSix" time="0.001"/>
  <testcase classname="testNGCrossbrowser.TestGroup2" name="testCaseTwo" time="0.0">
    <ignored/>
  </testcase> <!-- testCaseTwo -->
</testsuite> <!-- Default test -->
