<?xml version="1.0" encoding="UTF-8"?>
<!-- Generated by org.testng.reporters.JUnitXMLReporter -->
<testsuite ignored="0" hostname="EVC156-2" failures="0" tests="5" name="ChromeTest" time="10.294" errors="0" timestamp="2022-03-20T15:46:11 IST">
  <testcase classname="testNGCrossbrowser.CrossbrowserTest" name="setUp" time="3.058"/>
  <testcase classname="testNGCrossbrowser.CrossbrowserTest" name="openApplication" time="2.835"/>
  <testcase classname="testNGCrossbrowser.CrossbrowserTest" name="txtFieldVisible" time="0.047"/>
  <testcase classname="testNGCrossbrowser.CrossbrowserTest" name="btndVisible" time="0.04"/>
  <testcase classname="testNGCrossbrowser.CrossbrowserTest" name="trim" time="4.227"/>
</testsuite> <!-- ChromeTest -->
