<?xml version="1.0" encoding="UTF-8"?>
<!-- Generated by org.testng.reporters.JUnitXMLReporter -->
<testsuite ignored="0" hostname="EVC156-2" failures="0" tests="5" name="Test" time="9.168" errors="0" timestamp="2022-03-20T15:37:31 IST">
  <testcase classname="testNGCrossbrowser.CrossbrowserTest" name="setUp" time="2.689"/>
  <testcase classname="testNGCrossbrowser.CrossbrowserTest" name="openApplication" time="2.075"/>
  <testcase classname="testNGCrossbrowser.CrossbrowserTest" name="txtFieldVisible" time="0.05"/>
  <testcase classname="testNGCrossbrowser.CrossbrowserTest" name="btndVisible" time="0.06"/>
  <testcase classname="testNGCrossbrowser.CrossbrowserTest" name="trim" time="4.207"/>
</testsuite> <!-- Test -->
