<?xml version="1.0" encoding="UTF-8"?>
<testng-results ignored="1" total="11" passed="10" failed="0" skipped="0">
  <reporter-output>
  </reporter-output>
  <suite started-at="2022-05-03T12:07:33 IST" name="Default suite" finished-at="2022-05-03T12:07:33 IST" duration-ms="76">
    <groups>
      <group name="functionalTest">
        <method signature="TestGroup2.testCaseFive()[pri:0, instance:testNGCrossbrowser.TestGroup2@6d4e5011]" name="testCaseFive" class="testNGCrossbrowser.TestGroup2"/>
        <method signature="TestGroup2.testCaseSeven()[pri:0, instance:testNGCrossbrowser.TestGroup2@6d4e5011]" name="testCaseSeven" class="testNGCrossbrowser.TestGroup2"/>
      </group> <!-- functionalTest -->
      <group name="smokeTest">
        <method signature="TestGroup2.testCaseSix()[pri:0, instance:testNGCrossbrowser.TestGroup2@6d4e5011]" name="testCaseSix" class="testNGCrossbrowser.TestGroup2"/>
        <method signature="TestGroup2.testCaseFour()[pri:0, instance:testNGCrossbrowser.TestGroup2@6d4e5011]" name="testCaseFour" class="testNGCrossbrowser.TestGroup2"/>
        <method signature="TestGroup2.testCaseOne()[pri:0, instance:testNGCrossbrowser.TestGroup2@6d4e5011]" name="testCaseOne" class="testNGCrossbrowser.TestGroup2"/>
        <method signature="TestGroup2.testCaseThree()[pri:0, instance:testNGCrossbrowser.TestGroup2@6d4e5011]" name="testCaseThree" class="testNGCrossbrowser.TestGroup2"/>
      </group> <!-- smokeTest -->
    </groups>
    <test started-at="2022-05-03T12:07:33 IST" name="Default test" finished-at="2022-05-03T12:07:33 IST" duration-ms="76">
      <class name="testNGCrossbrowser.TestGroup2">
        <test-method signature="testCaseFive()[pri:0, instance:testNGCrossbrowser.TestGroup2@6d4e5011]" started-at="2022-05-03T12:07:33 IST" name="testCaseFive" finished-at="2022-05-03T12:07:33 IST" duration-ms="7" status="PASS">
          <reporter-output>
          </reporter-output>
        </test-method> <!-- testCaseFive -->
        <test-method signature="testCaseFour()[pri:0, instance:testNGCrossbrowser.TestGroup2@6d4e5011]" started-at="2022-05-03T12:07:33 IST" name="testCaseFour" finished-at="2022-05-03T12:07:33 IST" duration-ms="1" status="PASS">
          <reporter-output>
          </reporter-output>
        </test-method> <!-- testCaseFour -->
        <test-method signature="testCaseOne()[pri:0, instance:testNGCrossbrowser.TestGroup2@6d4e5011]" started-at="2022-05-03T12:07:33 IST" name="testCaseOne" finished-at="2022-05-03T12:07:33 IST" duration-ms="1" status="PASS">
          <reporter-output>
          </reporter-output>
        </test-method> <!-- testCaseOne -->
        <test-method signature="testCaseOne()[pri:0, instance:testNGCrossbrowser.TestGroup2@6d4e5011]" started-at="2022-05-03T12:07:33 IST" name="testCaseOne" finished-at="2022-05-03T12:07:33 IST" duration-ms="2" status="PASS">
          <reporter-output>
          </reporter-output>
        </test-method> <!-- testCaseOne -->
        <test-method signature="testCaseOne()[pri:0, instance:testNGCrossbrowser.TestGroup2@6d4e5011]" started-at="2022-05-03T12:07:33 IST" name="testCaseOne" finished-at="2022-05-03T12:07:33 IST" duration-ms="2" status="PASS">
          <reporter-output>
          </reporter-output>
        </test-method> <!-- testCaseOne -->
        <test-method signature="testCaseSeven()[pri:0, instance:testNGCrossbrowser.TestGroup2@6d4e5011]" started-at="2022-05-03T12:07:33 IST" name="testCaseSeven" finished-at="2022-05-03T12:07:33 IST" duration-ms="2" status="PASS">
          <reporter-output>
          </reporter-output>
        </test-method> <!-- testCaseSeven -->
        <test-method signature="testCaseThree()[pri:0, instance:testNGCrossbrowser.TestGroup2@6d4e5011]" started-at="2022-05-03T12:07:33 IST" name="testCaseThree" finished-at="2022-05-03T12:07:33 IST" duration-ms="2" status="PASS">
          <reporter-output>
          </reporter-output>
        </test-method> <!-- testCaseThree -->
        <test-method signature="testCaseThree()[pri:0, instance:testNGCrossbrowser.TestGroup2@6d4e5011]" started-at="2022-05-03T12:07:33 IST" name="testCaseThree" finished-at="2022-05-03T12:07:33 IST" duration-ms="2" status="PASS">
          <reporter-output>
          </reporter-output>
        </test-method> <!-- testCaseThree -->
        <test-method signature="testCaseThree()[pri:0, instance:testNGCrossbrowser.TestGroup2@6d4e5011]" started-at="2022-05-03T12:07:33 IST" name="testCaseThree" finished-at="2022-05-03T12:07:33 IST" duration-ms="2" status="PASS">
          <reporter-output>
          </reporter-output>
        </test-method> <!-- testCaseThree -->
        <test-method signature="testCaseSix()[pri:0, instance:testNGCrossbrowser.TestGroup2@6d4e5011]" started-at="2022-05-03T12:07:33 IST" name="testCaseSix" finished-at="2022-05-03T12:07:33 IST" depends-on-methods="testNGCrossbrowser.TestGroup2.testCaseFive" duration-ms="1" status="PASS">
          <reporter-output>
          </reporter-output>
        </test-method> <!-- testCaseSix -->
      </class> <!-- testNGCrossbrowser.TestGroup2 -->
    </test> <!-- Default test -->
  </suite> <!-- Default suite -->
</testng-results>
