<?xml version="1.0" encoding="UTF-8"?>
<!-- Generated by org.testng.reporters.JUnitXMLReporter -->
<testsuite ignored="7" hostname="EVC156-2" failures="0" tests="9" name="GroupTesting" time="0.062" errors="0" timestamp="2022-05-03T12:00:04 IST">
  <testcase classname="testNGCrossbrowser.TestGroup1" name="testCaseFour" time="0.008"/>
  <testcase classname="testNGCrossbrowser.TestGroup1" name="testCaseOne" time="0.001"/>
  <testcase classname="testNGCrossbrowser.TestGroup1" name="testCaseSix" time="0.002"/>
  <testcase classname="testNGCrossbrowser.TestGroup1" name="testCaseTwo" time="0.002"/>
  <testcase classname="testNGCrossbrowser.TestGroup2" name="testCaseFour" time="0.001"/>
  <testcase classname="testNGCrossbrowser.TestGroup2" name="testCaseSix" time="0.001"/>
  <testcase classname="testNGCrossbrowser.TestGroup2" name="testCaseThree" time="0.002"/>
  <testcase classname="testNGCrossbrowser.TestGroup2" name="testCaseThree" time="0.001"/>
  <testcase classname="testNGCrossbrowser.TestGroup2" name="testCaseThree" time="0.001"/>
  <testcase classname="testNGCrossbrowser.TestGroup2" name="testCaseTwo" time="0.0">
    <ignored/>
  </testcase> <!-- testCaseTwo -->
  <testcase classname="testNGCrossbrowser.TestGroup2" name="testCaseSeven" time="0.0">
    <ignored/>
  </testcase> <!-- testCaseSeven -->
  <testcase classname="testNGCrossbrowser.TestGroup2" name="testCaseFive" time="0.0">
    <ignored/>
  </testcase> <!-- testCaseFive -->
  <testcase classname="testNGCrossbrowser.TestGroup2" name="testCaseOne" time="0.0">
    <ignored/>
  </testcase> <!-- testCaseOne -->
  <testcase classname="testNGCrossbrowser.TestGroup1" name="testCaseSeven" time="0.0">
    <ignored/>
  </testcase> <!-- testCaseSeven -->
  <testcase classname="testNGCrossbrowser.TestGroup1" name="testCaseFive" time="0.0">
    <ignored/>
  </testcase> <!-- testCaseFive -->
  <testcase classname="testNGCrossbrowser.TestGroup1" name="testCaseThree" time="0.0">
    <ignored/>
  </testcase> <!-- testCaseThree -->
</testsuite> <!-- GroupTesting -->
